# JRE version: Java(TM) SE Runtime Environment (8.0_381) (build 1.8.0_381-b09)
# Java VM: Java HotSpot(TM) 64-Bit Server VM (25.381-b09 mixed mode windows-amd64 compressed oops)
Heap:
 PSYoungGen      total 141824K, used 124555K [0x00000000d6380000, 0x00000000e4500000, 0x0000000100000000)
  eden space 130560K, 86% used [0x00000000d6380000,0x00000000dd2235d0,0x00000000de300000)
  from space 11264K, 99% used [0x00000000de300000,0x00000000dedff670,0x00000000dee00000)
  to   space 18944K, 0% used [0x00000000e3280000,0x00000000e3280000,0x00000000e4500000)
 ParOldGen       total 71680K, used 28452K [0x0000000082a00000, 0x0000000087000000, 0x00000000d6380000)
  object space 71680K, 39% used [0x0000000082a00000,0x00000000845c93b8,0x0000000087000000)
 Metaspace       used 25482K, capacity 26130K, committed 26368K, reserved 1073152K
  class space    used 2897K, capacity 3049K, committed 3072K, reserved 1048576K
GC Heap History (10 events):
Event: 1.362 GC heap before
{Heap before GC invocations=4 (full 0):
 PSYoungGen      total 37888K, used 37880K [0x00000000d6380000, 0x00000000dad80000, 0x0000000100000000)
  eden space 32768K, 100% used [0x00000000d6380000,0x00000000d8380000,0x00000000d8380000)
  from space 5120K, 99% used [0x00000000d8380000,0x00000000d887e030,0x00000000d8880000)
  to   space 5120K, 0% used [0x00000000da880000,0x00000000da880000,0x00000000dad80000)
 ParOldGen       total 86016K, used 5561K [0x0000000082a00000, 0x0000000087e00000, 0x00000000d6380000)
  object space 86016K, 6% used [0x0000000082a00000,0x0000000082f6e418,0x0000000087e00000)
 Metaspace       used 16166K, capacity 16550K, committed 16896K, reserved 1064960K
  class space    used 1928K, capacity 2044K, committed 2048K, reserved 1048576K
Event: 1.368 GC heap after
Heap after GC invocations=4 (full 0):
 PSYoungGen      total 70656K, used 5112K [0x00000000d6380000, 0x00000000dad80000, 0x0000000100000000)
  eden space 65536K, 0% used [0x00000000d6380000,0x00000000d6380000,0x00000000da380000)
  from space 5120K, 99% used [0x00000000da880000,0x00000000dad7e050,0x00000000dad80000)
  to   space 5120K, 0% used [0x00000000da380000,0x00000000da380000,0x00000000da880000)
 ParOldGen       total 86016K, used 9180K [0x0000000082a00000, 0x0000000087e00000, 0x00000000d6380000)
  object space 86016K, 10% used [0x0000000082a00000,0x00000000832f7298,0x0000000087e00000)
 Metaspace       used 16166K, capacity 16550K, committed 16896K, reserved 1064960K
  class space    used 1928K, capacity 2044K, committed 2048K, reserved 1048576K
}
Event: 1.895 GC heap before
{Heap before GC invocations=5 (full 0):
 PSYoungGen      total 70656K, used 70648K [0x00000000d6380000, 0x00000000dad80000, 0x0000000100000000)
  eden space 65536K, 100% used [0x00000000d6380000,0x00000000da380000,0x00000000da380000)
  from space 5120K, 99% used [0x00000000da880000,0x00000000dad7e050,0x00000000dad80000)
  to   space 5120K, 0% used [0x00000000da380000,0x00000000da380000,0x00000000da880000)
 ParOldGen       total 86016K, used 9180K [0x0000000082a00000, 0x0000000087e00000, 0x00000000d6380000)
  object space 86016K, 10% used [0x0000000082a00000,0x00000000832f7298,0x0000000087e00000)
 Metaspace       used 16890K, capacity 17296K, committed 17536K, reserved 1064960K
  class space    used 1949K, capacity 2051K, committed 2176K, reserved 1048576K
Event: 1.902 GC heap after
Heap after GC invocations=5 (full 0):
 PSYoungGen      total 70656K, used 5112K [0x00000000d6380000, 0x00000000df880000, 0x0000000100000000)
  eden space 65536K, 0% used [0x00000000d6380000,0x00000000d6380000,0x00000000da380000)
  from space 5120K, 99% used [0x00000000da380000,0x00000000da87e050,0x00000000da880000)
  to   space 10752K, 0% used [0x00000000dee00000,0x00000000dee00000,0x00000000df880000)
 ParOldGen       total 86016K, used 12858K [0x0000000082a00000, 0x0000000087e00000, 0x00000000d6380000)
  object space 86016K, 14% used [0x0000000082a00000,0x000000008368e950,0x0000000087e00000)
 Metaspace       used 16890K, capacity 17296K, committed 17536K, reserved 1064960K
  class space    used 1949K, capacity 2051K, committed 2176K, reserved 1048576K
}
Event: 2.326 GC heap before
{Heap before GC invocations=6 (full 0):
 PSYoungGen      total 70656K, used 65559K [0x00000000d6380000, 0x00000000df880000, 0x0000000100000000)
  eden space 65536K, 92% used [0x00000000d6380000,0x00000000d9e87ed8,0x00000000da380000)
  from space 5120K, 99% used [0x00000000da380000,0x00000000da87e050,0x00000000da880000)
  to   space 10752K, 0% used [0x00000000dee00000,0x00000000dee00000,0x00000000df880000)
 ParOldGen       total 86016K, used 12858K [0x0000000082a00000, 0x0000000087e00000, 0x00000000d6380000)
  object space 86016K, 14% used [0x0000000082a00000,0x000000008368e950,0x0000000087e00000)
 Metaspace       used 20729K, capacity 21138K, committed 21248K, reserved 1069056K
  class space    used 2425K, capacity 2524K, committed 2560K, reserved 1048576K
Event: 2.333 GC heap after
Heap after GC invocations=6 (full 0):
 PSYoungGen      total 141312K, used 9802K [0x00000000d6380000, 0x00000000df980000, 0x0000000100000000)
  eden space 130560K, 0% used [0x00000000d6380000,0x00000000d6380000,0x00000000de300000)
  from space 10752K, 91% used [0x00000000dee00000,0x00000000df792848,0x00000000df880000)
  to   space 11264K, 0% used [0x00000000de300000,0x00000000de300000,0x00000000dee00000)
 ParOldGen       total 86016K, used 12866K [0x0000000082a00000, 0x0000000087e00000, 0x00000000d6380000)
  object space 86016K, 14% used [0x0000000082a00000,0x0000000083690950,0x0000000087e00000)
 Metaspace       used 20729K, capacity 21138K, committed 21248K, reserved 1069056K
  class space    used 2425K, capacity 2524K, committed 2560K, reserved 1048576K
}
Event: 2.333 GC heap before
{Heap before GC invocations=7 (full 1):
 PSYoungGen      total 141312K, used 9802K [0x00000000d6380000, 0x00000000df980000, 0x0000000100000000)
  eden space 130560K, 0% used [0x00000000d6380000,0x00000000d6380000,0x00000000de300000)
  from space 10752K, 91% used [0x00000000dee00000,0x00000000df792848,0x00000000df880000)
  to   space 11264K, 0% used [0x00000000de300000,0x00000000de300000,0x00000000dee00000)
 ParOldGen       total 86016K, used 12866K [0x0000000082a00000, 0x0000000087e00000, 0x00000000d6380000)
  object space 86016K, 14% used [0x0000000082a00000,0x0000000083690950,0x0000000087e00000)
 Metaspace       used 20729K, capacity 21138K, committed 21248K, reserved 1069056K
  class space    used 2425K, capacity 2524K, committed 2560K, reserved 1048576K
Event: 2.369 GC heap after
Heap after GC invocations=7 (full 1):
 PSYoungGen      total 141312K, used 0K [0x00000000d6380000, 0x00000000df980000, 0x0000000100000000)
  eden space 130560K, 0% used [0x00000000d6380000,0x00000000d6380000,0x00000000de300000)
  from space 10752K, 0% used [0x00000000dee00000,0x00000000dee00000,0x00000000df880000)
  to   space 11264K, 0% used [0x00000000de300000,0x00000000de300000,0x00000000dee00000)
 ParOldGen       total 71680K, used 16044K [0x0000000082a00000, 0x0000000087000000, 0x00000000d6380000)
  object space 71680K, 22% used [0x0000000082a00000,0x00000000839ab3c8,0x0000000087000000)
 Metaspace       used 20729K, capacity 21138K, committed 21248K, reserved 1069056K
  class space    used 2425K, capacity 2524K, committed 2560K, reserved 1048576K
}
Event: 3.440 GC heap before
{Heap before GC invocations=8 (full 1):
 PSYoungGen      total 141312K, used 130560K [0x00000000d6380000, 0x00000000df980000, 0x0000000100000000)
  eden space 130560K, 100% used [0x00000000d6380000,0x00000000de300000,0x00000000de300000)
  from space 10752K, 0% used [0x00000000dee00000,0x00000000dee00000,0x00000000df880000)
  to   space 11264K, 0% used [0x00000000de300000,0x00000000de300000,0x00000000dee00000)
 ParOldGen       total 71680K, used 16044K [0x0000000082a00000, 0x0000000087000000, 0x00000000d6380000)
  object space 71680K, 22% used [0x0000000082a00000,0x00000000839ab3c8,0x0000000087000000)
 Metaspace       used 23988K, capacity 24534K, committed 24704K, reserved 1071104K
  class space    used 2754K, capacity 2888K, committed 2944K, reserved 1048576K
Event: 3.454 GC heap after
Heap after GC invocations=8 (full 1):
 PSYoungGen      total 141824K, used 11261K [0x00000000d6380000, 0x00000000e4500000, 0x0000000100000000)
  eden space 130560K, 0% used [0x00000000d6380000,0x00000000d6380000,0x00000000de300000)
  from space 11264K, 99% used [0x00000000de300000,0x00000000dedff670,0x00000000dee00000)
  to   space 18944K, 0% used [0x00000000e3280000,0x00000000e3280000,0x00000000e4500000)
 ParOldGen       total 71680K, used 28452K [0x0000000082a00000, 0x0000000087000000, 0x00000000d6380000)
  object space 71680K, 39% used [0x0000000082a00000,0x00000000845c93b8,0x0000000087000000)
 Metaspace       used 23988K, capacity 24534K, committed 24704K, reserved 1071104K
  class space    used 2754K, capacity 2888K, committed 2944K, reserved 1048576K
}

